#
# A fatal error has been detected by the Java Runtime Environment:
#
#  EXCEPTION_UNCAUGHT_CXX_EXCEPTION (0xe06d7363) at pc=0x00007ffbd7a24f69, pid=4292, tid=6020
#
# JRE version: OpenJDK Runtime Environment (15.0.2+7) (build 15.0.2+7-27)
# Java VM: OpenJDK 64-Bit Server VM (15.0.2+7-27, mixed mode, sharing, tiered, compressed oops, g1 gc, windows-amd64)
# Problematic frame:
# C  [KERNELBASE.dll+0x34f69]
#
# No core dump will be written. Minidumps are not enabled by default on client versions of Windows
#
# If you would like to submit a bug report, please visit:
#   https://bugreport.java.com/bugreport/crash.jsp
# The crash happened outside the Java Virtual Machine in native code.
# See problematic frame for where to report the bug.
#

---------------  S U M M A R Y ------------

Command Line: -agentlib:jvmhook -Dfile.encoding=Cp1252 -XX:+ShowCodeDetailsInExceptionMessages -Xrunjvmhook -Xbootclasspath/a:C:\Program Files (x86)\Micro Focus\UFT One\bin\java_shared\classes\jasmine.jar cucumber.api.cli.Main C:/Users/12016/eclipse-workspace/petClinicPOMWithCucumber/src/test/java/features/AddOwner.feature --glue classpath: --plugin pretty --monochrome

Host: 11th Gen Intel(R) Core(TM) i7-1185G7 @ 3.00GHz, 8 cores, 15G,  Windows 10 , 64 bit Build 19041 (10.0.19041.1466)
Time: Wed Feb 23 10:22:44 2022 W. Europe Standard Time elapsed time: 0.359858 seconds (0d 0h 0m 0s)

---------------  T H R E A D  ---------------

Current thread (0x00000212f569d720):  JavaThread "main" [_thread_in_native, id=6020, stack(0x0000003f9a700000,0x0000003f9a800000)]

Stack: [0x0000003f9a700000,0x0000003f9a800000],  sp=0x0000003f9a7fdce0,  free space=1015k
Native frames: (J=compiled Java code, j=interpreted, Vv=VM code, C=native code)
C  [KERNELBASE.dll+0x34f69]
C  [VCRUNTIME140.dll+0x61e0]
C  [jvmhook.dll+0x137b3]

Java frames: (J=compiled Java code, j=interpreted, Vv=VM code)
J 752  java.lang.ClassLoader.defineClass1(Ljava/lang/ClassLoader;Ljava/lang/String;[BIILjava/security/ProtectionDomain;Ljava/lang/String;)Ljava/lang/Class; java.base@15.0.2 (0 bytes) @ 0x0000021287b1ab8b [0x0000021287b1aac0+0x00000000000000cb]
j  java.lang.ClassLoader.defineClass(Ljava/lang/String;[BIILjava/security/ProtectionDomain;)Ljava/lang/Class;+27 java.base@15.0.2
J 724 c1 java.security.SecureClassLoader.defineClass(Ljava/lang/String;[BIILjava/security/CodeSource;)Ljava/lang/Class; java.base@15.0.2 (16 bytes) @ 0x00000212806eac8c [0x00000212806eabc0+0x00000000000000cc]
J 690 c1 jdk.internal.loader.BuiltinClassLoader.defineClass(Ljava/lang/String;Ljdk/internal/loader/Resource;)Ljava/lang/Class; java.base@15.0.2 (121 bytes) @ 0x00000212806d9534 [0x00000212806d8580+0x0000000000000fb4]
J 644 c1 jdk.internal.loader.BuiltinClassLoader.findClassOnClassPathOrNull(Ljava/lang/String;)Ljava/lang/Class; java.base@15.0.2 (64 bytes) @ 0x00000212806c148c [0x00000212806c05a0+0x0000000000000eec]
J 541 c1 jdk.internal.loader.BuiltinClassLoader.loadClassOrNull(Ljava/lang/String;Z)Ljava/lang/Class; java.base@15.0.2 (143 bytes) @ 0x000002128068871c [0x00000212806877c0+0x0000000000000f5c]
J 624 c1 jdk.internal.loader.ClassLoaders$AppClassLoader.loadClass(Ljava/lang/String;Z)Ljava/lang/Class; java.base@15.0.2 (40 bytes) @ 0x00000212806b3694 [0x00000212806b3060+0x0000000000000634]
J 704 c1 cucumber.runtime.io.ResourceLoaderClassFinder.loadClass(Ljava/lang/String;)Ljava/lang/Class; (9 bytes) @ 0x00000212806de21c [0x00000212806de040+0x00000000000001dc]
j  cucumber.runtime.io.ResourceLoaderClassFinder.getDescendants(Ljava/lang/Class;Ljava/lang/String;)Ljava/util/Collection;+100
j  cucumber.runtime.java.MethodScanner.scan(Lcucumber/runtime/java/JavaBackend;Ljava/util/List;)V+38
j  cucumber.runtime.java.JavaBackend.loadGlue(Lcucumber/runtime/Glue;Ljava/util/List;)V+11
j  cucumber.runtime.Runtime.<init>(Lcucumber/runtime/io/ResourceLoader;Ljava/lang/ClassLoader;Ljava/util/Collection;Lcucumber/runtime/RuntimeOptions;Lcucumber/runtime/StopWatch;Lcucumber/runtime/RuntimeGlue;)V+172
j  cucumber.runtime.Runtime.<init>(Lcucumber/runtime/io/ResourceLoader;Ljava/lang/ClassLoader;Ljava/util/Collection;Lcucumber/runtime/RuntimeOptions;)V+10
j  cucumber.runtime.Runtime.<init>(Lcucumber/runtime/io/ResourceLoader;Lcucumber/runtime/ClassFinder;Ljava/lang/ClassLoader;Lcucumber/runtime/RuntimeOptions;)V+10
j  cucumber.api.cli.Main.run([Ljava/lang/String;Ljava/lang/ClassLoader;)B+48
j  cucumber.api.cli.Main.main([Ljava/lang/String;)V+7
v  ~StubRoutines::call_stub

siginfo: EXCEPTION_UNCAUGHT_CXX_EXCEPTION (0xe06d7363), ExceptionInformation=0x0000000019930520 0x0000003f9a7fde58 0x00000001800241f8 0x0000000180000000 


Register to memory mapping:

RIP=0x00007ffbd7a24f69 KERNELBASE.dll
RAX=0x00000212f569d720 is a thread
RBX=0x00000001800241f8 jvmhook.dll
RCX=0x000002129ac05a00 is pointing into metadata
RDX=0x0000003f00000000 is an unknown value
RSP=0x0000003f9a7fdce0 is pointing into the stack for thread: 0x00000212f569d720
RBP=0x0000003f9a7fdf20 is pointing into the stack for thread: 0x00000212f569d720
RSI=0x0000003f9a7fde58 is pointing into the stack for thread: 0x00000212f569d720
RDI=0x0000000019930520 is an unknown value
R8 =0x0000003f9a7fe340 is pointing into the stack for thread: 0x00000212f569d720
R9 =0x0000003f9a7fee80 is pointing into the stack for thread: 0x00000212f569d720
R10=0x0000021280696964 is at entry_point+1348 in (nmethod*)0x0000021280696190
R11=0x000002129ac661c8 is pointing into metadata
R12=0x00000212f575b598 points into unknown readable memory: 0x0000000712803c18 | 18 3c 80 12 07 00 00 00
R13=0x00000212f569dbf0 points into unknown readable memory: 0x0000000000000000 | 00 00 00 00 00 00 00 00
R14=0x0000000180000000 jvmhook.dll
R15=0x000002129bd55c10 points into unknown readable memory: 0x35000000bebafeca | ca fe ba be 00 00 00 35


Registers:
RAX=0x00000212f569d720, RBX=0x00000001800241f8, RCX=0x000002129ac05a00, RDX=0x0000003f00000000
RSP=0x0000003f9a7fdce0, RBP=0x0000003f9a7fdf20, RSI=0x0000003f9a7fde58, RDI=0x0000000019930520
R8 =0x0000003f9a7fe340, R9 =0x0000003f9a7fee80, R10=0x0000021280696964, R11=0x000002129ac661c8
R12=0x00000212f575b598, R13=0x00000212f569dbf0, R14=0x0000000180000000, R15=0x000002129bd55c10
RIP=0x00007ffbd7a24f69, EFLAGS=0x0000000000000206

Top of Stack: (sp=0x0000003f9a7fdce0)
0x0000003f9a7fdce0:   000000029a7fdda8 00000001800241f8
0x0000003f9a7fdcf0:   0000003f9a7fde58 00000212f5472290
0x0000003f9a7fdd00:   00000001e06d7363 0000000000000000
0x0000003f9a7fdd10:   00007ffbd7a24f69 00007ffb00000004
0x0000003f9a7fdd20:   0000000019930520 0000003f9a7fde58
0x0000003f9a7fdd30:   00000001800241f8 0000000180000000
0x0000003f9a7fdd40:   00000212f569dbf0 00000212f575b598
0x0000003f9a7fdd50:   0000003f9a7fde58 0000003f9a7fdf20
0x0000003f9a7fdd60:   0000003f9a7fdde0 00007ffbd9e64a5f
0x0000003f9a7fdd70:   0000000019930520 0000000100000000
0x0000003f9a7fdd80:   000002129bd55c10 0000003f9a7fde60
0x0000003f9a7fdd90:   0000000180028000 0000000180000000
0x0000003f9a7fdda0:   00002beedcb9733a 0000003f9a7fde48
0x0000003f9a7fddb0:   00000001800241f8 00007ffbbcd261e0
0x0000003f9a7fddc0:   0000000000000000 0000000000000037
0x0000003f9a7fddd0:   0000000000000001 0000000180010000 

Instructions: (pc=0x00007ffbd7a24f69)
0x00007ffbd7a24e69:   d8 21 00 00 41 0f 44 c0 89 43 24 8b 41 18 89 43
0x00007ffbd7a24e79:   28 65 48 8b 04 25 60 00 00 00 48 8b 48 20 39 79
0x00007ffbd7a24e89:   08 7c 36 41 b9 40 00 00 00 48 89 7c 24 20 4c 8d
0x00007ffbd7a24e99:   44 24 30 48 83 c9 ff 41 8d 51 e5 48 ff 15 fd 9d
0x00007ffbd7a24ea9:   18 00 0f 1f 44 00 00 85 c0 0f 88 df ef 06 00 81
0x00007ffbd7a24eb9:   7c 24 54 33 00 03 00 72 0f 48 8b 9c 24 80 00 00
0x00007ffbd7a24ec9:   00 48 83 c4 70 5f c3 cc 89 7b 2c eb ec cc cc cc
0x00007ffbd7a24ed9:   cc cc cc cc cc cc cc 65 48 8b 04 25 30 00 00 00
0x00007ffbd7a24ee9:   8b 40 68 c3 cc cc cc cc cc cc cc cc cc cc cc cc
0x00007ffbd7a24ef9:   cc cc cc cc cc cc cc 48 81 ec d8 00 00 00 48 8b
0x00007ffbd7a24f09:   05 62 5f 25 00 48 33 c4 48 89 84 24 c0 00 00 00
0x00007ffbd7a24f19:   48 83 64 24 28 00 48 8d 05 da ff ff ff 83 e2 01
0x00007ffbd7a24f29:   89 4c 24 20 89 54 24 24 48 89 44 24 30 4d 85 c9
0x00007ffbd7a24f39:   74 4c b8 0f 00 00 00 48 8d 4c 24 40 44 3b c0 49
0x00007ffbd7a24f49:   8b d1 44 0f 47 c0 44 89 44 24 38 49 c1 e0 03 e8
0x00007ffbd7a24f59:   7a d5 05 00 48 8d 4c 24 20 48 ff 15 1f 9e 18 00
0x00007ffbd7a24f69:   0f 1f 44 00 00 48 8b 8c 24 c0 00 00 00 48 33 cc
0x00007ffbd7a24f79:   e8 c2 96 05 00 48 81 c4 d8 00 00 00 c3 cc 83 64
0x00007ffbd7a24f89:   24 38 00 eb cf cc cc cc cc cc cc cc cc cc cc cc
0x00007ffbd7a24f99:   cc cc cc cc cc cc cc 40 53 48 83 ec 30 48 8b d1
0x00007ffbd7a24fa9:   48 8d 4c 24 20 e8 e5 cc ff ff 85 c0 74 26 48 8b
0x00007ffbd7a24fb9:   4c 24 28 e8 8f 6f ff ff 48 8d 4c 24 20 8b d8 48
0x00007ffbd7a24fc9:   ff 15 11 96 18 00 0f 1f 44 00 00 8b c3 48 83 c4
0x00007ffbd7a24fd9:   30 5b c3 cc 83 c8 ff eb f4 cc cc cc cc cc cc cc
0x00007ffbd7a24fe9:   cc cc cc cc cc cc cc 48 8b c4 48 89 58 10 48 89
0x00007ffbd7a24ff9:   70 18 57 48 83 ec 60 0f 57 c0 0f 11 40 b8 48 8d
0x00007ffbd7a25009:   35 32 f6 18 00 33 db 48 85 c9 48 0f 45 f1 48 8b
0x00007ffbd7a25019:   d6 48 8d 48 c8 48 ff 15 43 9c 18 00 0f 1f 44 00
0x00007ffbd7a25029:   00 8b f8 89 44 24 70 85 c0 78 1f 41 b0 01 48 8d
0x00007ffbd7a25039:   54 24 30 48 8d 4c 24 20 48 ff 15 c0 95 18 00 0f
0x00007ffbd7a25049:   1f 44 00 00 8b f8 89 44 24 70 85 ff 0f 88 49 ee
0x00007ffbd7a25059:   06 00 48 83 c8 ff 48 8b c8 48 ff c1 66 39 1c 4e 


Stack slot to memory mapping:
stack at sp + 0 slots: 0x000000029a7fdda8 is an unknown value
stack at sp + 1 slots: 0x00000001800241f8 jvmhook.dll
stack at sp + 2 slots: 0x0000003f9a7fde58 is pointing into the stack for thread: 0x00000212f569d720
stack at sp + 3 slots: 0x00000212f5472290 points into unknown readable memory: 0x0000000000000000 | 00 00 00 00 00 00 00 00
stack at sp + 4 slots: 0x00000001e06d7363 is an unknown value
stack at sp + 5 slots: 0x0 is NULL
stack at sp + 6 slots: 0x00007ffbd7a24f69 KERNELBASE.dll
stack at sp + 7 slots: 0x00007ffb00000004 is an unknown value


---------------  P R O C E S S  ---------------

Threads class SMR info:
_java_thread_list=0x000002129b404df0, length=13, elements={
0x00000212f569d720, 0x000002129b3e3f60, 0x000002129b3e8960, 0x000002129b3ff200,
0x000002129b401fc0, 0x000002129b402970, 0x000002129b405c70, 0x000002129b40f350,
0x000002129b40fd40, 0x000002129b52beb0, 0x000002129b56c7b0, 0x000002129b588000,
0x000002129bc184c0
}

Java Threads: ( => current thread )
=>0x00000212f569d720 JavaThread "main" [_thread_in_native, id=6020, stack(0x0000003f9a700000,0x0000003f9a800000)]
  0x000002129b3e3f60 JavaThread "Reference Handler" daemon [_thread_blocked, id=12040, stack(0x0000003f9ae00000,0x0000003f9af00000)]
  0x000002129b3e8960 JavaThread "Finalizer" daemon [_thread_blocked, id=7524, stack(0x0000003f9af00000,0x0000003f9b000000)]
  0x000002129b3ff200 JavaThread "Signal Dispatcher" daemon [_thread_blocked, id=15404, stack(0x0000003f9b000000,0x0000003f9b100000)]
  0x000002129b401fc0 JavaThread "Attach Listener" daemon [_thread_blocked, id=6648, stack(0x0000003f9b100000,0x0000003f9b200000)]
  0x000002129b402970 JavaThread "Service Thread" daemon [_thread_blocked, id=17024, stack(0x0000003f9b200000,0x0000003f9b300000)]
  0x000002129b405c70 JavaThread "C2 CompilerThread0" daemon [_thread_in_native, id=18512, stack(0x0000003f9b300000,0x0000003f9b400000)]
  0x000002129b40f350 JavaThread "C1 CompilerThread0" daemon [_thread_blocked, id=1744, stack(0x0000003f9b400000,0x0000003f9b500000)]
  0x000002129b40fd40 JavaThread "Sweeper thread" daemon [_thread_blocked, id=15204, stack(0x0000003f9b500000,0x0000003f9b600000)]
  0x000002129b52beb0 JavaThread "Notification Thread" daemon [_thread_blocked, id=14672, stack(0x0000003f9b600000,0x0000003f9b700000)]
  0x000002129b56c7b0 JavaThread "Common-Cleaner" daemon [_thread_blocked, id=13180, stack(0x0000003f9b800000,0x0000003f9b900000)]
  0x000002129b588000 JavaThread "C2 CompilerThread1" daemon [_thread_blocked, id=15536, stack(0x0000003f9b900000,0x0000003f9ba00000)]
  0x000002129bc184c0 JavaThread "C2 CompilerThread2" daemon [_thread_blocked, id=288, stack(0x0000003f9ba00000,0x0000003f9bb00000)]

Other Threads:
  0x000002129b3e1930 VMThread "VM Thread" [stack: 0x0000003f9ad00000,0x0000003f9ae00000] [id=13644]
  0x000002129b52c380 WatcherThread [stack: 0x0000003f9b700000,0x0000003f9b800000] [id=16156]
  0x00000212f56ebfd0 GCTaskThread "GC Thread#0" [stack: 0x0000003f9a800000,0x0000003f9a900000] [id=6184]
  0x000002129b524a90 GCTaskThread "GC Thread#1" [stack: 0x0000003f9bb00000,0x0000003f9bc00000] [id=15852]
  0x000002129c06a400 GCTaskThread "GC Thread#2" [stack: 0x0000003f9bc00000,0x0000003f9bd00000] [id=18740]
  0x000002129c06a730 GCTaskThread "GC Thread#3" [stack: 0x0000003f9bd00000,0x0000003f9be00000] [id=12560]
  0x000002129c0690e0 GCTaskThread "GC Thread#4" [stack: 0x0000003f9be00000,0x0000003f9bf00000] [id=18088]
  0x000002129c06ad90 GCTaskThread "GC Thread#5" [stack: 0x0000003f9bf00000,0x0000003f9c000000] [id=9340]
  0x00000212f56fe390 ConcurrentGCThread "G1 Main Marker" [stack: 0x0000003f9a900000,0x0000003f9aa00000] [id=15348]
  0x00000212f56fee80 ConcurrentGCThread "G1 Conc#0" [stack: 0x0000003f9aa00000,0x0000003f9ab00000] [id=10024]
  0x00000212f5756270 ConcurrentGCThread "G1 Refine#0" [stack: 0x0000003f9ab00000,0x0000003f9ac00000] [id=7404]
  0x00000212f5756d70 ConcurrentGCThread "G1 Young RemSet Sampling" [stack: 0x0000003f9ac00000,0x0000003f9ad00000] [id=11604]

Threads with active compile tasks:
C2 CompilerThread0      371  761   !   4       jdk.internal.loader.URLClassPath$JarLoader::getResource (65 bytes)

VM state: not at safepoint (normal execution)

VM Mutex/Monitor currently owned by a thread: None

Heap address: 0x0000000704400000, size: 4028 MB, Compressed Oops mode: Zero based, Oop shift amount: 3
CDS archive(s) mapped at: [0x0000000800000000-0x0000000800b50000-0x0000000800b50000), size 11862016, SharedBaseAddress: 0x0000000800000000, ArchiveRelocationMode: 0.
Compressed class space mapped at: 0x0000000800b50000-0x0000000840b50000, size: 1073741824
Narrow klass base: 0x0000000800000000, Narrow klass shift: 3, Narrow klass range: 0x100000000

GC Precious Log:
 CPUs: 8 total, 8 available
 Memory: 16106M
 Large Page Support: Disabled
 NUMA Support: Disabled
 Compressed Oops: Enabled (Zero based)
 Heap Region Size: 2M
 Heap Min Capacity: 8M
 Heap Initial Capacity: 252M
 Heap Max Capacity: 4028M
 Pre-touch: Disabled
 Parallel Workers: 8
 Concurrent Workers: 2
 Concurrent Refinement Workers: 8
 Periodic GC: Disabled

Heap:
 garbage-first heap   total 258048K, used 6579K [0x0000000704400000, 0x0000000800000000)
  region size 2048K, 4 young (8192K), 2 survivors (4096K)
 Metaspace       used 2482K, capacity 5883K, committed 6144K, reserved 1056768K
  class space    used 421K, capacity 749K, committed 768K, reserved 1048576K

Heap Regions: E=young(eden), S=young(survivor), O=old, HS=humongous(starts), HC=humongous(continues), CS=collection set, F=free, OA=open archive, CA=closed archive, TAMS=top-at-mark-start (previous, next)
|   0|0x0000000704400000, 0x000000070446cc00, 0x0000000704600000| 21%| O|  |TAMS 0x0000000704400000, 0x0000000704400000| Untracked 
|   1|0x0000000704600000, 0x0000000704600000, 0x0000000704800000|  0%| F|  |TAMS 0x0000000704600000, 0x0000000704600000| Untracked 
|   2|0x0000000704800000, 0x0000000704800000, 0x0000000704a00000|  0%| F|  |TAMS 0x0000000704800000, 0x0000000704800000| Untracked 
|   3|0x0000000704a00000, 0x0000000704a00000, 0x0000000704c00000|  0%| F|  |TAMS 0x0000000704a00000, 0x0000000704a00000| Untracked 
|   4|0x0000000704c00000, 0x0000000704c00000, 0x0000000704e00000|  0%| F|  |TAMS 0x0000000704c00000, 0x0000000704c00000| Untracked 
|   5|0x0000000704e00000, 0x0000000704e00000, 0x0000000705000000|  0%| F|  |TAMS 0x0000000704e00000, 0x0000000704e00000| Untracked 
|   6|0x0000000705000000, 0x0000000705000000, 0x0000000705200000|  0%| F|  |TAMS 0x0000000705000000, 0x0000000705000000| Untracked 
|   7|0x0000000705200000, 0x0000000705200000, 0x0000000705400000|  0%| F|  |TAMS 0x0000000705200000, 0x0000000705200000| Untracked 
|   8|0x0000000705400000, 0x0000000705400000, 0x0000000705600000|  0%| F|  |TAMS 0x0000000705400000, 0x0000000705400000| Untracked 
|   9|0x0000000705600000, 0x0000000705600000, 0x0000000705800000|  0%| F|  |TAMS 0x0000000705600000, 0x0000000705600000| Untracked 
|  10|0x0000000705800000, 0x0000000705800000, 0x0000000705a00000|  0%| F|  |TAMS 0x0000000705800000, 0x0000000705800000| Untracked 
|  11|0x0000000705a00000, 0x0000000705a00000, 0x0000000705c00000|  0%| F|  |TAMS 0x0000000705a00000, 0x0000000705a00000| Untracked 
|  12|0x0000000705c00000, 0x0000000705c00000, 0x0000000705e00000|  0%| F|  |TAMS 0x0000000705c00000, 0x0000000705c00000| Untracked 
|  13|0x0000000705e00000, 0x0000000705e00000, 0x0000000706000000|  0%| F|  |TAMS 0x0000000705e00000, 0x0000000705e00000| Untracked 
|  14|0x0000000706000000, 0x0000000706000000, 0x0000000706200000|  0%| F|  |TAMS 0x0000000706000000, 0x0000000706000000| Untracked 
|  15|0x0000000706200000, 0x0000000706200000, 0x0000000706400000|  0%| F|  |TAMS 0x0000000706200000, 0x0000000706200000| Untracked 
|  16|0x0000000706400000, 0x0000000706400000, 0x0000000706600000|  0%| F|  |TAMS 0x0000000706400000, 0x0000000706400000| Untracked 
|  17|0x0000000706600000, 0x0000000706600000, 0x0000000706800000|  0%| F|  |TAMS 0x0000000706600000, 0x0000000706600000| Untracked 
|  18|0x0000000706800000, 0x0000000706800000, 0x0000000706a00000|  0%| F|  |TAMS 0x0000000706800000, 0x0000000706800000| Untracked 
|  19|0x0000000706a00000, 0x0000000706a00000, 0x0000000706c00000|  0%| F|  |TAMS 0x0000000706a00000, 0x0000000706a00000| Untracked 
|  20|0x0000000706c00000, 0x0000000706c00000, 0x0000000706e00000|  0%| F|  |TAMS 0x0000000706c00000, 0x0000000706c00000| Untracked 
|  21|0x0000000706e00000, 0x0000000706e00000, 0x0000000707000000|  0%| F|  |TAMS 0x0000000706e00000, 0x0000000706e00000| Untracked 
|  22|0x0000000707000000, 0x0000000707000000, 0x0000000707200000|  0%| F|  |TAMS 0x0000000707000000, 0x0000000707000000| Untracked 
|  23|0x0000000707200000, 0x0000000707200000, 0x0000000707400000|  0%| F|  |TAMS 0x0000000707200000, 0x0000000707200000| Untracked 
|  24|0x0000000707400000, 0x0000000707400000, 0x0000000707600000|  0%| F|  |TAMS 0x0000000707400000, 0x0000000707400000| Untracked 
|  25|0x0000000707600000, 0x0000000707600000, 0x0000000707800000|  0%| F|  |TAMS 0x0000000707600000, 0x0000000707600000| Untracked 
|  26|0x0000000707800000, 0x0000000707800000, 0x0000000707a00000|  0%| F|  |TAMS 0x0000000707800000, 0x0000000707800000| Untracked 
|  27|0x0000000707a00000, 0x0000000707a00000, 0x0000000707c00000|  0%| F|  |TAMS 0x0000000707a00000, 0x0000000707a00000| Untracked 
|  28|0x0000000707c00000, 0x0000000707c00000, 0x0000000707e00000|  0%| F|  |TAMS 0x0000000707c00000, 0x0000000707c00000| Untracked 
|  29|0x0000000707e00000, 0x0000000707e00000, 0x0000000708000000|  0%| F|  |TAMS 0x0000000707e00000, 0x0000000707e00000| Untracked 
|  30|0x0000000708000000, 0x0000000708000000, 0x0000000708200000|  0%| F|  |TAMS 0x0000000708000000, 0x0000000708000000| Untracked 
|  31|0x0000000708200000, 0x0000000708200000, 0x0000000708400000|  0%| F|  |TAMS 0x0000000708200000, 0x0000000708200000| Untracked 
|  32|0x0000000708400000, 0x0000000708400000, 0x0000000708600000|  0%| F|  |TAMS 0x0000000708400000, 0x0000000708400000| Untracked 
|  33|0x0000000708600000, 0x0000000708600000, 0x0000000708800000|  0%| F|  |TAMS 0x0000000708600000, 0x0000000708600000| Untracked 
|  34|0x0000000708800000, 0x0000000708800000, 0x0000000708a00000|  0%| F|  |TAMS 0x0000000708800000, 0x0000000708800000| Untracked 
|  35|0x0000000708a00000, 0x0000000708a00000, 0x0000000708c00000|  0%| F|  |TAMS 0x0000000708a00000, 0x0000000708a00000| Untracked 
|  36|0x0000000708c00000, 0x0000000708c00000, 0x0000000708e00000|  0%| F|  |TAMS 0x0000000708c00000, 0x0000000708c00000| Untracked 
|  37|0x0000000708e00000, 0x0000000708e00000, 0x0000000709000000|  0%| F|  |TAMS 0x0000000708e00000, 0x0000000708e00000| Untracked 
|  38|0x0000000709000000, 0x0000000709000000, 0x0000000709200000|  0%| F|  |TAMS 0x0000000709000000, 0x0000000709000000| Untracked 
|  39|0x0000000709200000, 0x0000000709200000, 0x0000000709400000|  0%| F|  |TAMS 0x0000000709200000, 0x0000000709200000| Untracked 
|  40|0x0000000709400000, 0x0000000709400000, 0x0000000709600000|  0%| F|  |TAMS 0x0000000709400000, 0x0000000709400000| Untracked 
|  41|0x0000000709600000, 0x0000000709600000, 0x0000000709800000|  0%| F|  |TAMS 0x0000000709600000, 0x0000000709600000| Untracked 
|  42|0x0000000709800000, 0x0000000709800000, 0x0000000709a00000|  0%| F|  |TAMS 0x0000000709800000, 0x0000000709800000| Untracked 
|  43|0x0000000709a00000, 0x0000000709a00000, 0x0000000709c00000|  0%| F|  |TAMS 0x0000000709a00000, 0x0000000709a00000| Untracked 
|  44|0x0000000709c00000, 0x0000000709c00000, 0x0000000709e00000|  0%| F|  |TAMS 0x0000000709c00000, 0x0000000709c00000| Untracked 
|  45|0x0000000709e00000, 0x0000000709e00000, 0x000000070a000000|  0%| F|  |TAMS 0x0000000709e00000, 0x0000000709e00000| Untracked 
|  46|0x000000070a000000, 0x000000070a000000, 0x000000070a200000|  0%| F|  |TAMS 0x000000070a000000, 0x000000070a000000| Untracked 
|  47|0x000000070a200000, 0x000000070a200000, 0x000000070a400000|  0%| F|  |TAMS 0x000000070a200000, 0x000000070a200000| Untracked 
|  48|0x000000070a400000, 0x000000070a400000, 0x000000070a600000|  0%| F|  |TAMS 0x000000070a400000, 0x000000070a400000| Untracked 
|  49|0x000000070a600000, 0x000000070a600000, 0x000000070a800000|  0%| F|  |TAMS 0x000000070a600000, 0x000000070a600000| Untracked 
|  50|0x000000070a800000, 0x000000070a800000, 0x000000070aa00000|  0%| F|  |TAMS 0x000000070a800000, 0x000000070a800000| Untracked 
|  51|0x000000070aa00000, 0x000000070aa00000, 0x000000070ac00000|  0%| F|  |TAMS 0x000000070aa00000, 0x000000070aa00000| Untracked 
|  52|0x000000070ac00000, 0x000000070ac00000, 0x000000070ae00000|  0%| F|  |TAMS 0x000000070ac00000, 0x000000070ac00000| Untracked 
|  53|0x000000070ae00000, 0x000000070ae00000, 0x000000070b000000|  0%| F|  |TAMS 0x000000070ae00000, 0x000000070ae00000| Untracked 
|  54|0x000000070b000000, 0x000000070b000000, 0x000000070b200000|  0%| F|  |TAMS 0x000000070b000000, 0x000000070b000000| Untracked 
|  55|0x000000070b200000, 0x000000070b200000, 0x000000070b400000|  0%| F|  |TAMS 0x000000070b200000, 0x000000070b200000| Untracked 
|  56|0x000000070b400000, 0x000000070b400000, 0x000000070b600000|  0%| F|  |TAMS 0x000000070b400000, 0x000000070b400000| Untracked 
|  57|0x000000070b600000, 0x000000070b600000, 0x000000070b800000|  0%| F|  |TAMS 0x000000070b600000, 0x000000070b600000| Untracked 
|  58|0x000000070b800000, 0x000000070b800000, 0x000000070ba00000|  0%| F|  |TAMS 0x000000070b800000, 0x000000070b800000| Untracked 
|  59|0x000000070ba00000, 0x000000070ba00000, 0x000000070bc00000|  0%| F|  |TAMS 0x000000070ba00000, 0x000000070ba00000| Untracked 
|  60|0x000000070bc00000, 0x000000070bc00000, 0x000000070be00000|  0%| F|  |TAMS 0x000000070bc00000, 0x000000070bc00000| Untracked 
|  61|0x000000070be00000, 0x000000070be00000, 0x000000070c000000|  0%| F|  |TAMS 0x000000070be00000, 0x000000070be00000| Untracked 
|  62|0x000000070c000000, 0x000000070c000000, 0x000000070c200000|  0%| F|  |TAMS 0x000000070c000000, 0x000000070c000000| Untracked 
|  63|0x000000070c200000, 0x000000070c200000, 0x000000070c400000|  0%| F|  |TAMS 0x000000070c200000, 0x000000070c200000| Untracked 
|  64|0x000000070c400000, 0x000000070c400000, 0x000000070c600000|  0%| F|  |TAMS 0x000000070c400000, 0x000000070c400000| Untracked 
|  65|0x000000070c600000, 0x000000070c600000, 0x000000070c800000|  0%| F|  |TAMS 0x000000070c600000, 0x000000070c600000| Untracked 
|  66|0x000000070c800000, 0x000000070c800000, 0x000000070ca00000|  0%| F|  |TAMS 0x000000070c800000, 0x000000070c800000| Untracked 
|  67|0x000000070ca00000, 0x000000070ca00000, 0x000000070cc00000|  0%| F|  |TAMS 0x000000070ca00000, 0x000000070ca00000| Untracked 
|  68|0x000000070cc00000, 0x000000070cc00000, 0x000000070ce00000|  0%| F|  |TAMS 0x000000070cc00000, 0x000000070cc00000| Untracked 
|  69|0x000000070ce00000, 0x000000070ce00000, 0x000000070d000000|  0%| F|  |TAMS 0x000000070ce00000, 0x000000070ce00000| Untracked 
|  70|0x000000070d000000, 0x000000070d000000, 0x000000070d200000|  0%| F|  |TAMS 0x000000070d000000, 0x000000070d000000| Untracked 
|  71|0x000000070d200000, 0x000000070d200000, 0x000000070d400000|  0%| F|  |TAMS 0x000000070d200000, 0x000000070d200000| Untracked 
|  72|0x000000070d400000, 0x000000070d400000, 0x000000070d600000|  0%| F|  |TAMS 0x000000070d400000, 0x000000070d400000| Untracked 
|  73|0x000000070d600000, 0x000000070d600000, 0x000000070d800000|  0%| F|  |TAMS 0x000000070d600000, 0x000000070d600000| Untracked 
|  74|0x000000070d800000, 0x000000070d800000, 0x000000070da00000|  0%| F|  |TAMS 0x000000070d800000, 0x000000070d800000| Untracked 
|  75|0x000000070da00000, 0x000000070da00000, 0x000000070dc00000|  0%| F|  |TAMS 0x000000070da00000, 0x000000070da00000| Untracked 
|  76|0x000000070dc00000, 0x000000070dc00000, 0x000000070de00000|  0%| F|  |TAMS 0x000000070dc00000, 0x000000070dc00000| Untracked 
|  77|0x000000070de00000, 0x000000070de00000, 0x000000070e000000|  0%| F|  |TAMS 0x000000070de00000, 0x000000070de00000| Untracked 
|  78|0x000000070e000000, 0x000000070e000000, 0x000000070e200000|  0%| F|  |TAMS 0x000000070e000000, 0x000000070e000000| Untracked 
|  79|0x000000070e200000, 0x000000070e200000, 0x000000070e400000|  0%| F|  |TAMS 0x000000070e200000, 0x000000070e200000| Untracked 
|  80|0x000000070e400000, 0x000000070e400000, 0x000000070e600000|  0%| F|  |TAMS 0x000000070e400000, 0x000000070e400000| Untracked 
|  81|0x000000070e600000, 0x000000070e600000, 0x000000070e800000|  0%| F|  |TAMS 0x000000070e600000, 0x000000070e600000| Untracked 
|  82|0x000000070e800000, 0x000000070e800000, 0x000000070ea00000|  0%| F|  |TAMS 0x000000070e800000, 0x000000070e800000| Untracked 
|  83|0x000000070ea00000, 0x000000070ea00000, 0x000000070ec00000|  0%| F|  |TAMS 0x000000070ea00000, 0x000000070ea00000| Untracked 
|  84|0x000000070ec00000, 0x000000070ec00000, 0x000000070ee00000|  0%| F|  |TAMS 0x000000070ec00000, 0x000000070ec00000| Untracked 
|  85|0x000000070ee00000, 0x000000070ee00000, 0x000000070f000000|  0%| F|  |TAMS 0x000000070ee00000, 0x000000070ee00000| Untracked 
|  86|0x000000070f000000, 0x000000070f000000, 0x000000070f200000|  0%| F|  |TAMS 0x000000070f000000, 0x000000070f000000| Untracked 
|  87|0x000000070f200000, 0x000000070f200000, 0x000000070f400000|  0%| F|  |TAMS 0x000000070f200000, 0x000000070f200000| Untracked 
|  88|0x000000070f400000, 0x000000070f400000, 0x000000070f600000|  0%| F|  |TAMS 0x000000070f400000, 0x000000070f400000| Untracked 
|  89|0x000000070f600000, 0x000000070f600000, 0x000000070f800000|  0%| F|  |TAMS 0x000000070f600000, 0x000000070f600000| Untracked 
|  90|0x000000070f800000, 0x000000070f800000, 0x000000070fa00000|  0%| F|  |TAMS 0x000000070f800000, 0x000000070f800000| Untracked 
|  91|0x000000070fa00000, 0x000000070fa00000, 0x000000070fc00000|  0%| F|  |TAMS 0x000000070fa00000, 0x000000070fa00000| Untracked 
|  92|0x000000070fc00000, 0x000000070fc00000, 0x000000070fe00000|  0%| F|  |TAMS 0x000000070fc00000, 0x000000070fc00000| Untracked 
|  93|0x000000070fe00000, 0x000000070fe00000, 0x0000000710000000|  0%| F|  |TAMS 0x000000070fe00000, 0x000000070fe00000| Untracked 
|  94|0x0000000710000000, 0x0000000710000000, 0x0000000710200000|  0%| F|  |TAMS 0x0000000710000000, 0x0000000710000000| Untracked 
|  95|0x0000000710200000, 0x0000000710200000, 0x0000000710400000|  0%| F|  |TAMS 0x0000000710200000, 0x0000000710200000| Untracked 
|  96|0x0000000710400000, 0x0000000710400000, 0x0000000710600000|  0%| F|  |TAMS 0x0000000710400000, 0x0000000710400000| Untracked 
|  97|0x0000000710600000, 0x0000000710600000, 0x0000000710800000|  0%| F|  |TAMS 0x0000000710600000, 0x0000000710600000| Untracked 
|  98|0x0000000710800000, 0x0000000710800000, 0x0000000710a00000|  0%| F|  |TAMS 0x0000000710800000, 0x0000000710800000| Untracked 
|  99|0x0000000710a00000, 0x0000000710a00000, 0x0000000710c00000|  0%| F|  |TAMS 0x0000000710a00000, 0x0000000710a00000| Untracked 
| 100|0x0000000710c00000, 0x0000000710c00000, 0x0000000710e00000|  0%| F|  |TAMS 0x0000000710c00000, 0x0000000710c00000| Untracked 
| 101|0x0000000710e00000, 0x0000000710e00000, 0x0000000711000000|  0%| F|  |TAMS 0x0000000710e00000, 0x0000000710e00000| Untracked 
| 102|0x0000000711000000, 0x0000000711000000, 0x0000000711200000|  0%| F|  |TAMS 0x0000000711000000, 0x0000000711000000| Untracked 
| 103|0x0000000711200000, 0x0000000711200000, 0x0000000711400000|  0%| F|  |TAMS 0x0000000711200000, 0x0000000711200000| Untracked 
| 104|0x0000000711400000, 0x0000000711400000, 0x0000000711600000|  0%| F|  |TAMS 0x0000000711400000, 0x0000000711400000| Untracked 
| 105|0x0000000711600000, 0x0000000711600000, 0x0000000711800000|  0%| F|  |TAMS 0x0000000711600000, 0x0000000711600000| Untracked 
| 106|0x0000000711800000, 0x0000000711800000, 0x0000000711a00000|  0%| F|  |TAMS 0x0000000711800000, 0x0000000711800000| Untracked 
| 107|0x0000000711a00000, 0x0000000711a00000, 0x0000000711c00000|  0%| F|  |TAMS 0x0000000711a00000, 0x0000000711a00000| Untracked 
| 108|0x0000000711c00000, 0x0000000711c00000, 0x0000000711e00000|  0%| F|  |TAMS 0x0000000711c00000, 0x0000000711c00000| Untracked 
| 109|0x0000000711e00000, 0x0000000711e00000, 0x0000000712000000|  0%| F|  |TAMS 0x0000000711e00000, 0x0000000711e00000| Untracked 
| 110|0x0000000712000000, 0x0000000712000000, 0x0000000712200000|  0%| F|  |TAMS 0x0000000712000000, 0x0000000712000000| Untracked 
| 111|0x0000000712200000, 0x0000000712200000, 0x0000000712400000|  0%| F|  |TAMS 0x0000000712200000, 0x0000000712200000| Untracked 
| 112|0x0000000712400000, 0x0000000712400000, 0x0000000712600000|  0%| F|  |TAMS 0x0000000712400000, 0x0000000712400000| Untracked 
| 113|0x0000000712600000, 0x0000000712800000, 0x0000000712800000|100%| S|CS|TAMS 0x0000000712600000, 0x0000000712600000| Complete 
| 114|0x0000000712800000, 0x0000000712a00000, 0x0000000712a00000|100%| S|CS|TAMS 0x0000000712800000, 0x0000000712800000| Complete 
| 115|0x0000000712a00000, 0x0000000712a00000, 0x0000000712c00000|  0%| F|  |TAMS 0x0000000712a00000, 0x0000000712a00000| Untracked 
| 116|0x0000000712c00000, 0x0000000712c00000, 0x0000000712e00000|  0%| F|  |TAMS 0x0000000712c00000, 0x0000000712c00000| Untracked 
| 117|0x0000000712e00000, 0x0000000712e00000, 0x0000000713000000|  0%| F|  |TAMS 0x0000000712e00000, 0x0000000712e00000| Untracked 
| 118|0x0000000713000000, 0x0000000713000000, 0x0000000713200000|  0%| F|  |TAMS 0x0000000713000000, 0x0000000713000000| Untracked 
| 119|0x0000000713200000, 0x0000000713200000, 0x0000000713400000|  0%| F|  |TAMS 0x0000000713200000, 0x0000000713200000| Untracked 
| 120|0x0000000713400000, 0x0000000713400000, 0x0000000713600000|  0%| F|  |TAMS 0x0000000713400000, 0x0000000713400000| Untracked 
| 121|0x0000000713600000, 0x0000000713600000, 0x0000000713800000|  0%| F|  |TAMS 0x0000000713600000, 0x0000000713600000| Untracked 
| 122|0x0000000713800000, 0x0000000713800000, 0x0000000713a00000|  0%| F|  |TAMS 0x0000000713800000, 0x0000000713800000| Untracked 
| 123|0x0000000713a00000, 0x0000000713a00000, 0x0000000713c00000|  0%| F|  |TAMS 0x0000000713a00000, 0x0000000713a00000| Untracked 
| 124|0x0000000713c00000, 0x0000000713c79f78, 0x0000000713e00000| 23%| E|  |TAMS 0x0000000713c00000, 0x0000000713c00000| Complete 
| 125|0x0000000713e00000, 0x0000000714000000, 0x0000000714000000|100%| E|CS|TAMS 0x0000000713e00000, 0x0000000713e00000| Complete 

Card table byte_map: [0x000002128f7e0000,0x000002128ffc0000] _byte_map_base: 0x000002128bfbe000

Marking Bits (Prev, Next): (CMBitMap*) 0x00000212f56ec6c0, (CMBitMap*) 0x00000212f56ec700
 Prev Bits: [0x00000212907a0000, 0x0000021294690000)
 Next Bits: [0x0000021294690000, 0x0000021298580000)

Polling page: 0x00000212f5760000

Metaspace:

Usage:
  Non-class:      5.01 MB capacity,     2.01 MB ( 40%) used,     3.00 MB ( 60%) free+waste,     1.75 KB ( <1%) overhead. 
      Class:    749.00 KB capacity,   421.59 KB ( 56%) used,   326.10 KB ( 44%) free+waste,     1.31 KB ( <1%) overhead. 
       Both:      5.75 MB capacity,     2.42 MB ( 42%) used,     3.32 MB ( 58%) free+waste,     3.06 KB ( <1%) overhead. 

Virtual space:
  Non-class space:        8.00 MB reserved,       5.25 MB ( 66%) committed 
      Class space:        1.00 GB reserved,     768.00 KB ( <1%) committed 
             Both:        1.01 GB reserved,       6.00 MB ( <1%) committed 

Chunk freelists:
   Non-Class:  50.00 KB
       Class:  19.00 KB
        Both:  69.00 KB

MaxMetaspaceSize: 17179869184.00 GB
CompressedClassSpaceSize: 1.00 GB

CodeHeap 'non-profiled nmethods': size=120000Kb used=351Kb max_used=351Kb free=119648Kb
 bounds [0x0000021287ad0000, 0x0000021287d40000, 0x000002128f000000]
CodeHeap 'profiled nmethods': size=120000Kb used=1388Kb max_used=1388Kb free=118611Kb
 bounds [0x00000212805a0000, 0x0000021280810000, 0x0000021287ad0000]
CodeHeap 'non-nmethods': size=5760Kb used=1123Kb max_used=1167Kb free=4636Kb
 bounds [0x0000021280000000, 0x0000021280270000, 0x00000212805a0000]
 total_blobs=1125 nmethods=771 adapters=267
 compilation: enabled
              stopped_count=0, restarted_count=0
 full_count=0

Compilation events (20 events):
Event: 0.317 Thread 0x000002129bc184c0 nmethod 572 0x0000021287b1e390 code [0x0000021287b1e600, 0x0000021287b1f160]
Event: 0.317 Thread 0x000002129bc184c0  764       4       java.util.jar.JarFile::getEntry (35 bytes)
Event: 0.317 Thread 0x000002129b588000 nmethod 677 0x0000021287b1f890 code [0x0000021287b1fb00, 0x0000021287b223e8]
Event: 0.317 Thread 0x000002129b588000  763       4       java.lang.String::indexOf (29 bytes)
Event: 0.319 Thread 0x000002129b588000 nmethod 763 0x0000021287b23890 code [0x0000021287b23a20, 0x0000021287b23de8]
Event: 0.319 Thread 0x000002129b588000  770       4       java.util.jar.JarFile::getJarEntry (9 bytes)
Event: 0.326 Thread 0x000002129bc184c0 nmethod 764 0x0000021287b24010 code [0x0000021287b24220, 0x0000021287b25060]
Event: 0.326 Thread 0x000002129bc184c0  772       4       java.lang.StringLatin1::charAt (28 bytes)
Event: 0.326 Thread 0x000002129bc184c0 nmethod 772 0x0000021287b25690 code [0x0000021287b25820, 0x0000021287b258b8]
Event: 0.326 Thread 0x000002129bc184c0  530       4       java.util.concurrent.ConcurrentHashMap::casTabAt (21 bytes)
Event: 0.327 Thread 0x000002129bc184c0 nmethod 530 0x0000021287b25990 code [0x0000021287b25b00, 0x0000021287b25c18]
Event: 0.327 Thread 0x000002129bc184c0  573       4       jdk.internal.misc.Unsafe::putReferenceRelease (9 bytes)
Event: 0.327 Thread 0x000002129bc184c0 nmethod 573 0x0000021287b25c90 code [0x0000021287b25e00, 0x0000021287b25f38]
Event: 0.327 Thread 0x000002129bc184c0  659       4       java.util.HashMap::afterNodeInsertion (1 bytes)
Event: 0.327 Thread 0x000002129bc184c0 nmethod 659 0x0000021287b25f90 code [0x0000021287b26100, 0x0000021287b26158]
Event: 0.327 Thread 0x000002129bc184c0  730       4       java.lang.StringUTF16::charAt (11 bytes)
Event: 0.328 Thread 0x000002129bc184c0 nmethod 730 0x0000021287b26290 code [0x0000021287b26400, 0x0000021287b26478]
Event: 0.328 Thread 0x000002129bc184c0  731       4       java.lang.StringUTF16::checkIndex (9 bytes)
Event: 0.328 Thread 0x000002129bc184c0 nmethod 731 0x0000021287b26590 code [0x0000021287b26700, 0x0000021287b26778]
Event: 0.329 Thread 0x000002129b588000 nmethod 770 0x0000021287b26890 code [0x0000021287b26aa0, 0x0000021287b278c0]

GC Heap History (2 events):
Event: 0.290 GC heap before
{Heap before GC invocations=0 (full 0):
 garbage-first heap   total 258048K, used 20480K [0x0000000704400000, 0x0000000800000000)
  region size 2048K, 11 young (22528K), 0 survivors (0K)
 Metaspace       used 2302K, capacity 5691K, committed 5888K, reserved 1056768K
  class space    used 364K, capacity 685K, committed 768K, reserved 1048576K
}
Event: 0.292 GC heap after
{Heap after GC invocations=1 (full 0):
 garbage-first heap   total 258048K, used 4531K [0x0000000704400000, 0x0000000800000000)
  region size 2048K, 2 young (4096K), 2 survivors (4096K)
 Metaspace       used 2302K, capacity 5691K, committed 5888K, reserved 1056768K
  class space    used 364K, capacity 685K, committed 768K, reserved 1048576K
}

Deoptimization events (20 events):
Event: 0.308 Thread 0x00000212f569d720 Uncommon trap: trap_request=0xffffff45 fr.pc=0x0000021287b14874 relative=0x0000000000000354
Event: 0.308 Thread 0x00000212f569d720 Uncommon trap: reason=unstable_if action=reinterpret pc=0x0000021287b14874 method=java.lang.StringLatin1.newString([BII)Ljava/lang/String; @ 1 c2
Event: 0.308 Thread 0x00000212f569d720 DEOPT PACKING pc=0x0000021287b14874 sp=0x0000003f9a7ff170
Event: 0.308 Thread 0x00000212f569d720 DEOPT UNPACKING pc=0x000002128000852f sp=0x0000003f9a7ff150 mode 2
Event: 0.308 Thread 0x00000212f569d720 Uncommon trap: trap_request=0xffffff45 fr.pc=0x0000021287b0b0e0 relative=0x00000000000010e0
Event: 0.308 Thread 0x00000212f569d720 Uncommon trap: reason=unstable_if action=reinterpret pc=0x0000021287b0b0e0 method=java.util.zip.ZipCoder.normalizedHash(Ljava/lang/String;)I @ 11 c2
Event: 0.308 Thread 0x00000212f569d720 DEOPT PACKING pc=0x0000021287b0b0e0 sp=0x0000003f9a7fedf0
Event: 0.308 Thread 0x00000212f569d720 DEOPT UNPACKING pc=0x000002128000852f sp=0x0000003f9a7fed40 mode 2
Event: 0.309 Thread 0x00000212f569d720 Uncommon trap: trap_request=0xffffff45 fr.pc=0x0000021287b1941c relative=0x000000000000055c
Event: 0.309 Thread 0x00000212f569d720 Uncommon trap: reason=unstable_if action=reinterpret pc=0x0000021287b1941c method=java.io.WinNTFileSystem.normalize(Ljava/lang/String;)Ljava/lang/String; @ 104 c2
Event: 0.309 Thread 0x00000212f569d720 DEOPT PACKING pc=0x0000021287b1941c sp=0x0000003f9a7ff0f0
Event: 0.309 Thread 0x00000212f569d720 DEOPT UNPACKING pc=0x000002128000852f sp=0x0000003f9a7ff068 mode 2
Event: 0.309 Thread 0x00000212f569d720 Uncommon trap: trap_request=0xffffff45 fr.pc=0x0000021287b09650 relative=0x00000000000004b0
Event: 0.309 Thread 0x00000212f569d720 Uncommon trap: reason=unstable_if action=reinterpret pc=0x0000021287b09650 method=java.util.zip.ZipCoder.normalizedHash(Ljava/lang/String;)I @ 23 c2
Event: 0.309 Thread 0x00000212f569d720 DEOPT PACKING pc=0x0000021287b09650 sp=0x0000003f9a7fedb0
Event: 0.309 Thread 0x00000212f569d720 DEOPT UNPACKING pc=0x000002128000852f sp=0x0000003f9a7fed48 mode 2
Event: 0.309 Thread 0x00000212f569d720 Uncommon trap: trap_request=0xffffff54 fr.pc=0x0000021287b104c0 relative=0x0000000000003740
Event: 0.309 Thread 0x00000212f569d720 Uncommon trap: reason=speculate_null_assert action=make_not_entrant pc=0x0000021287b104c0 method=java.util.jar.JarFile.getVersionedEntry(Ljava/lang/String;Ljava/util/jar/JarEntry;)Ljava/util/jar/JarEntry; @ 114 c2
Event: 0.309 Thread 0x00000212f569d720 DEOPT PACKING pc=0x0000021287b104c0 sp=0x0000003f9a7feeb0
Event: 0.309 Thread 0x00000212f569d720 DEOPT UNPACKING pc=0x000002128000852f sp=0x0000003f9a7fee78 mode 2

Classes unloaded (0 events):
No events

Classes redefined (0 events):
No events

Internal exceptions (4 events):
Event: 0.106 Thread 0x00000212f569d720 Exception <a 'java/lang/NoSuchMethodError'{0x0000000713dda3d8}: 'java.lang.Object java.lang.invoke.DirectMethodHandle$Holder.invokeStatic(java.lang.Object)'> (0x0000000713dda3d8) 
thrown [./open/src/hotspot/share/interpreter/linkResolver.cpp, line 782]
Event: 0.107 Thread 0x00000212f569d720 Exception <a 'java/lang/NoSuchMethodError'{0x0000000713ddfb10}: 'java.lang.Object java.lang.invoke.DirectMethodHandle$Holder.invokeStaticInit(java.lang.Object)'> (0x0000000713ddfb10) 
thrown [./open/src/hotspot/share/interpreter/linkResolver.cpp, line 782]
Event: 0.114 Thread 0x00000212f569d720 Exception <a 'java/lang/NoSuchMethodError'{0x0000000713df3e88}: 'void java.lang.invoke.DirectMethodHandle$Holder.invokeSpecial(java.lang.Object, java.lang.Object, java.lang.Object)'> (0x0000000713df3e88) 
thrown [./open/src/hotspot/share/interpreter/linkResolver.cpp, line 782]
Event: 0.115 Thread 0x00000212f569d720 Exception <a 'java/lang/NoSuchMethodError'{0x0000000713dfee30}: 'java.lang.Object java.lang.invoke.DirectMethodHandle$Holder.invokeInterface(java.lang.Object, java.lang.Object)'> (0x0000000713dfee30) 
thrown [./open/src/hotspot/share/interpreter/linkResolver.cpp, line 782]

Events (20 events):
Event: 0.307 loading class java/util/Formatter$FixedString
Event: 0.307 loading class java/util/Formatter$FixedString done
Event: 0.307 loading class cucumber/deps/com/thoughtworks/xstream/converters/ConverterRegistry
Event: 0.307 loading class cucumber/deps/com/thoughtworks/xstream/converters/ConverterRegistry done
Event: 0.307 loading class cucumber/deps/com/thoughtworks/xstream/converters/ConverterLookup
Event: 0.307 loading class cucumber/deps/com/thoughtworks/xstream/converters/ConverterLookup done
Event: 0.307 loading class gherkin/formatter/Formats
Event: 0.307 loading class gherkin/formatter/Formats done
Event: 0.308 loading class gherkin/formatter/MonochromeFormats
Event: 0.308 loading class gherkin/formatter/MonochromeFormats done
Event: 0.308 loading class gherkin/formatter/Format
Event: 0.308 loading class gherkin/formatter/Format done
Event: 0.308 loading class gherkin/formatter/MonochromeFormats$1
Event: 0.308 loading class gherkin/formatter/MonochromeFormats$1 done
Event: 0.308 loading class jdk/internal/loader/URLClassPath$FileLoader$1
Event: 0.308 loading class jdk/internal/loader/URLClassPath$FileLoader$1 done
Event: 0.308 Executing VM operation: HandshakeAllThreads
Event: 0.308 Executing VM operation: HandshakeAllThreads done
Event: 0.313 loading class META-INF/versions/9/module-info
Event: 0.313 loading class META-INF/versions/9/module-info done


Dynamic libraries:
0x00007ff6cac20000 - 0x00007ff6cac2d000 	C:\Program Files\Java\jdk-15.0.2\bin\javaw.exe
0x00007ffbd9e30000 - 0x00007ffbda025000 	C:\WINDOWS\SYSTEM32\ntdll.dll
0x00007ffbd91f0000 - 0x00007ffbd92ae000 	C:\WINDOWS\System32\KERNEL32.DLL
0x00007ffbd79f0000 - 0x00007ffbd7cb8000 	C:\WINDOWS\System32\KERNELBASE.dll
0x00007ffbd7cc0000 - 0x00007ffbd7dc0000 	C:\WINDOWS\System32\ucrtbase.dll
0x00007ffbb5960000 - 0x00007ffbb5978000 	C:\Program Files\Java\jdk-15.0.2\bin\jli.dll
0x00007ffbbcd20000 - 0x00007ffbbcd39000 	C:\Program Files\Java\jdk-15.0.2\bin\VCRUNTIME140.dll
0x00007ffbd9530000 - 0x00007ffbd96d1000 	C:\WINDOWS\System32\USER32.dll
0x00007ffbd7900000 - 0x00007ffbd7922000 	C:\WINDOWS\System32\win32u.dll
0x00007ffbbdbf0000 - 0x00007ffbbde8a000 	C:\WINDOWS\WinSxS\amd64_microsoft.windows.common-controls_6595b64144ccf1df_6.0.19041.1110_none_60b5254171f9507e\COMCTL32.dll
0x00007ffbd8430000 - 0x00007ffbd845b000 	C:\WINDOWS\System32\GDI32.dll
0x00007ffbd8230000 - 0x00007ffbd82ce000 	C:\WINDOWS\System32\msvcrt.dll
0x00007ffbd77f0000 - 0x00007ffbd78fd000 	C:\WINDOWS\System32\gdi32full.dll
0x00007ffbd7750000 - 0x00007ffbd77ed000 	C:\WINDOWS\System32\msvcp_win.dll
0x00007ffbd9320000 - 0x00007ffbd9350000 	C:\WINDOWS\System32\IMM32.DLL
0x00007ffbcc700000 - 0x00007ffbcc70c000 	C:\Program Files\Java\jdk-15.0.2\bin\vcruntime140_1.dll
0x00007ffb9d850000 - 0x00007ffb9d8e1000 	C:\Program Files\Java\jdk-15.0.2\bin\msvcp140.dll
0x00007ffb4e170000 - 0x00007ffb4ecce000 	C:\Program Files\Java\jdk-15.0.2\bin\server\jvm.dll
0x00007ffbd8660000 - 0x00007ffbd870e000 	C:\WINDOWS\System32\ADVAPI32.dll
0x00007ffbd90f0000 - 0x00007ffbd918c000 	C:\WINDOWS\System32\sechost.dll
0x00007ffbd82e0000 - 0x00007ffbd8405000 	C:\WINDOWS\System32\RPCRT4.dll
0x00007ffbd90e0000 - 0x00007ffbd90e8000 	C:\WINDOWS\System32\PSAPI.DLL
0x00007ffbbe110000 - 0x00007ffbbe119000 	C:\WINDOWS\SYSTEM32\WSOCK32.dll
0x00007ffbd92b0000 - 0x00007ffbd931b000 	C:\WINDOWS\System32\WS2_32.dll
0x00007ffbbe090000 - 0x00007ffbbe0b7000 	C:\WINDOWS\SYSTEM32\WINMM.dll
0x00007ffbc72c0000 - 0x00007ffbc72ca000 	C:\WINDOWS\SYSTEM32\VERSION.dll
0x00007ffbd5d80000 - 0x00007ffbd5d92000 	C:\WINDOWS\SYSTEM32\kernel.appcore.dll
0x00007ffbc99b0000 - 0x00007ffbc99ba000 	C:\Program Files\Java\jdk-15.0.2\bin\jimage.dll
0x00007ffbd5020000 - 0x00007ffbd5204000 	C:\WINDOWS\SYSTEM32\DBGHELP.DLL
0x00007ffbcf9e0000 - 0x00007ffbcfa0c000 	C:\WINDOWS\SYSTEM32\dbgcore.DLL
0x00007ffbd7930000 - 0x00007ffbd79b2000 	C:\WINDOWS\System32\bcryptPrimitives.dll
0x0000000180000000 - 0x0000000180030000 	C:\WINDOWS\SYSTEM32\jvmhook.dll
0x00007ffbd9400000 - 0x00007ffbd952a000 	C:\WINDOWS\System32\ole32.dll
0x00007ffbd7ed0000 - 0x00007ffbd8225000 	C:\WINDOWS\System32\combase.dll
0x00007ffbd9760000 - 0x00007ffbd982d000 	C:\WINDOWS\System32\OLEAUT32.dll
0x00007ffbaad10000 - 0x00007ffbaad35000 	C:\Program Files\Java\jdk-15.0.2\bin\java.dll
0x00007ffbbcbe0000 - 0x00007ffbbcbf8000 	C:\Program Files\Java\jdk-15.0.2\bin\zip.dll
0x00007ffbd8990000 - 0x00007ffbd90d4000 	C:\WINDOWS\System32\SHELL32.dll
0x00007ffbd5500000 - 0x00007ffbd5c95000 	C:\WINDOWS\SYSTEM32\windows.storage.dll
0x00007ffbd6f90000 - 0x00007ffbd6fbe000 	C:\WINDOWS\SYSTEM32\Wldp.dll
0x00007ffbd9350000 - 0x00007ffbd93fd000 	C:\WINDOWS\System32\SHCORE.dll
0x00007ffbd8710000 - 0x00007ffbd8765000 	C:\WINDOWS\System32\shlwapi.dll
0x00007ffbd7480000 - 0x00007ffbd749f000 	C:\WINDOWS\SYSTEM32\profapi.dll
0x00007ffbac700000 - 0x00007ffbac719000 	C:\Program Files\Java\jdk-15.0.2\bin\net.dll
0x00007ffbd6580000 - 0x00007ffbd668c000 	C:\WINDOWS\SYSTEM32\WINHTTP.dll
0x00007ffbd6cf0000 - 0x00007ffbd6d5a000 	C:\WINDOWS\system32\mswsock.dll
0x00007ffba0d90000 - 0x00007ffba0da2000 	C:\Program Files\Java\jdk-15.0.2\bin\nio.dll

dbghelp: loaded successfully - version: 4.0.5 - missing functions: none
symbol engine: initialized successfully - sym options: 0x614 - pdb path: .;C:\Program Files\Java\jdk-15.0.2\bin;C:\WINDOWS\SYSTEM32;C:\WINDOWS\WinSxS\amd64_microsoft.windows.common-controls_6595b64144ccf1df_6.0.19041.1110_none_60b5254171f9507e;C:\Program Files\Java\jdk-15.0.2\bin\server

VM Arguments:
jvm_args: -agentlib:jvmhook -Dfile.encoding=Cp1252 -XX:+ShowCodeDetailsInExceptionMessages -Xrunjvmhook -Xbootclasspath/a:C:\Program Files (x86)\Micro Focus\UFT One\bin\java_shared\classes\jasmine.jar 
java_command: cucumber.api.cli.Main C:/Users/12016/eclipse-workspace/petClinicPOMWithCucumber/src/test/java/features/AddOwner.feature --glue classpath: --plugin pretty --monochrome
java_class_path (initial): C:\Users\12016\eclipse-workspace\petClinicPOMWithCucumber\target\classes;C:\Users\12016\eclipse-workspace\petClinicPOMWithCucumber\target\test-classes;C:\Users\12016\.m2\repository\org\seleniumhq\selenium\selenium-java\4.1.1\selenium-java-4.1.1.jar;C:\Users\12016\.m2\repository\org\seleniumhq\selenium\selenium-api\4.1.1\selenium-api-4.1.1.jar;C:\Users\12016\.m2\repository\org\seleniumhq\selenium\selenium-chrome-driver\4.1.1\selenium-chrome-driver-4.1.1.jar;C:\Users\12016\.m2\repository\com\google\auto\service\auto-service-annotations\1.0.1\auto-service-annotations-1.0.1.jar;C:\Users\12016\.m2\repository\com\google\auto\service\auto-service\1.0.1\auto-service-1.0.1.jar;C:\Users\12016\.m2\repository\com\google\auto\auto-common\1.2\auto-common-1.2.jar;C:\Users\12016\.m2\repository\org\seleniumhq\selenium\selenium-chromium-driver\4.1.1\selenium-chromium-driver-4.1.1.jar;C:\Users\12016\.m2\repository\org\seleniumhq\selenium\selenium-json\4.1.1\selenium-json-4.1.1.jar;C:\Users\12016\.m2\repository\org\seleniumhq\selenium\selenium-devtools-v85\4.1.1\selenium-devtools-v85-4.1.1.jar;C:\Users\12016\.m2\repository\org\seleniumhq\selenium\selenium-devtools-v94\4.1.1\selenium-devtools-v94-4.1.1.jar;C:\Users\12016\.m2\repository\org\seleniumhq\selenium\selenium-devtools-v95\4.1.1\selenium-devtools-v95-4.1.1.jar;C:\Users\12016\.m2\repository\org\seleniumhq\selenium\selenium-devtools-v96\4.1.1\selenium-devtools-v96-4.1.1.jar;C:\Users\12016\.m2\repository\org\seleniumhq\selenium\selenium-edge-driver\4.1.1\selenium-edge-driver-4.1.1.jar;C:\Users\12016\.m2\repository\org\seleniumhq\selenium\selenium-firefox-driver\4.1.1\selenium-firefox-driver-4.1.1.jar;C:\Users\12016\.m2\repository\org\seleniumhq\selenium\selenium-firefox-xpi-driver\4.1.1\selenium-firefox-xpi-driver-4.1.1.jar;C:\Users\12016\.m2\repository\org\seleniumhq\selenium\selenium-ie-driver\4.1.1\selenium-ie-driver-4.1.1.jar;C:\Users\12016\.m2\repository\org\seleniumhq\selenium\selenium-opera-drive
Launcher Type: SUN_STANDARD

[Global flags]
     intx CICompilerCount                          = 4                                         {product} {ergonomic}
     uint ConcGCThreads                            = 2                                         {product} {ergonomic}
     uint G1ConcRefinementThreads                  = 8                                         {product} {ergonomic}
   size_t G1HeapRegionSize                         = 2097152                                   {product} {ergonomic}
    uintx GCDrainStackTargetSize                   = 64                                        {product} {ergonomic}
   size_t InitialHeapSize                          = 264241152                                 {product} {ergonomic}
   size_t MarkStackSize                            = 4194304                                   {product} {ergonomic}
   size_t MaxHeapSize                              = 4223664128                                {product} {ergonomic}
   size_t MaxNewSize                               = 2533359616                                {product} {ergonomic}
   size_t MinHeapDeltaBytes                        = 2097152                                   {product} {ergonomic}
   size_t MinHeapSize                              = 8388608                                   {product} {ergonomic}
    uintx NonNMethodCodeHeapSize                   = 5839372                                {pd product} {ergonomic}
    uintx NonProfiledCodeHeapSize                  = 122909434                              {pd product} {ergonomic}
    uintx ProfiledCodeHeapSize                     = 122909434                              {pd product} {ergonomic}
    uintx ReservedCodeCacheSize                    = 251658240                              {pd product} {ergonomic}
     bool SegmentedCodeCache                       = true                                      {product} {ergonomic}
     bool ShowCodeDetailsInExceptionMessages       = true                                   {manageable} {command line}
   size_t SoftMaxHeapSize                          = 4223664128                             {manageable} {ergonomic}
     bool UseCompressedClassPointers               = true                                 {lp64_product} {ergonomic}
     bool UseCompressedOops                        = true                                 {lp64_product} {ergonomic}
     bool UseG1GC                                  = true                                      {product} {ergonomic}
     bool UseLargePagesIndividualAllocation        = false                                  {pd product} {ergonomic}

Logging:
Log output configuration:
 #0: stdout all=warning uptime,level,tags
 #1: stderr all=off uptime,level,tags

Environment Variables:
JAVA_HOME=C:\Program Files\Java\jdk-15.0.2
JAVA_TOOL_OPTIONS=-agentlib:jvmhook
_JAVA_OPTIONS=-Xrunjvmhook -Xbootclasspath/a:"C:\Program Files (x86)\Micro Focus\UFT One\bin\java_shared\classes\jasmine.jar"
PATH=C:/Program Files/Java/jdk-15.0.2/bin/server;C:/Program Files/Java/jdk-15.0.2/bin;C:\WINDOWS\system32;C:\WINDOWS;C:\WINDOWS\System32\Wbem;C:\WINDOWS\System32\WindowsPowerShell\v1.0\;C:\WINDOWS\System32\OpenSSH\;C:\Program Files (x86)\dotnet\;C:\Program Files (x86)\Micro Focus\UFT One\bin;C:\Program Files\Java\jdk-15.0.2\bin;C:\Users\12016\OneDrive - Expleo France\Desktop\Selenium\Selenium Installing\Maven\apache-maven-3.8.3\bin;C:\Users\12016\AppData\Local\Microsoft\WindowsApps;;C:\Users\12016\OneDrive - Expleo France\Desktop;;C:\Program Files (x86)\Micro Focus\UFT One\\bin64
USERNAME=12016
OS=Windows_NT
PROCESSOR_IDENTIFIER=Intel64 Family 6 Model 140 Stepping 1, GenuineIntel



---------------  S Y S T E M  ---------------

OS:
 Windows 10 , 64 bit Build 19041 (10.0.19041.1466)
OS uptime: 0 days 18:04 hours

CPU: total 8 (initial active 8) (4 cores per cpu, 2 threads per core) family 6 model 140 stepping 1 microcode 0x86, cmov, cx8, fxsr, mmx, sse, sse2, sse3, ssse3, sse4.1, sse4.2, popcnt, vzeroupper, avx, avx2, aes, clmul, erms, 3dnowpref, lzcnt, ht, tsc, tscinvbit, bmi1, bmi2, adx, avx512f, avx512dq, avx512cd, avx512bw, avx512vl, avx512_vpopcntdq, avx512_vpclmulqdq, avx512_vbmi, avx512_vbmi2, avx512_vaes, avx512_vnni, sha, fma, clflush, clflushopt, clwb

Memory: 4k page, system-wide physical 16106M (6299M free)
TotalPageFile size 23018M (AvailPageFile size 10904M)
current process WorkingSet (physical memory assigned to process): 87M, peak: 87M
current process commit charge ("private bytes"): 370M, peak: 371M

vm_info: OpenJDK 64-Bit Server VM (15.0.2+7-27) for windows-amd64 JRE (15.0.2+7-27), built on Dec  7 2020 20:02:38 by "mach5one" with unknown MS VC++:1925

END.
